<?xml version="1.0" encoding="UTF-8"?>
<!-- Generated by org.testng.reporters.JUnitReportReporter -->
<testsuite hostname="pop-os" failures="0" tests="1" name="com.PdfHandlingTest" time="12.506" errors="0" timestamp="2021-02-20T21:55:04 IST" skipped="0">
  <testcase classname="com.PdfHandlingTest" name="verifyContentInPDf" time="12.506"/>
  <system-out/>
</testsuite> <!-- com.PdfHandlingTest -->
