<?xml version="1.0" encoding="UTF-8"?>
<!-- Generated by org.testng.reporters.JUnitReportReporter -->
<testsuite hostname="pop-os" failures="0" tests="1" name="com.MySqlConTest" time="0.568" errors="0" timestamp="2021-02-20T21:55:04 IST" skipped="0">
  <testcase classname="com.MySqlConTest" name="retrieveData" time="0.568"/>
  <system-out/>
</testsuite> <!-- com.MySqlConTest -->
