<?xml version="1.0" encoding="UTF-8"?>
<!-- Generated by org.testng.reporters.JUnitReportReporter -->
<testsuite hostname="pop-os" failures="0" tests="1" name="com.HomepageTest" time="11.644" errors="0" timestamp="2021-02-20T21:55:04 IST" skipped="0">
  <testcase classname="com.HomepageTest" name="home" time="11.644"/>
  <system-out/>
</testsuite> <!-- com.HomepageTest -->
