<?xml version="1.0" encoding="UTF-8"?>
<!-- Generated by org.testng.reporters.JUnitReportReporter -->
<testsuite hostname="pop-os" failures="0" tests="1" name="com.AppTest" time="0.013" errors="0" timestamp="2021-02-20T21:55:04 IST" skipped="0">
  <testcase classname="com.AppTest" name="testApp" time="0.013"/>
  <system-out/>
</testsuite> <!-- com.AppTest -->
