<?xml version="1.0" encoding="UTF-8"?>
<!-- Generated by org.testng.reporters.JUnitReportReporter -->
<testsuite hostname="pop-os" failures="0" tests="1" name="com.PdfHandling" time="17.273" errors="0" timestamp="2021-02-20T21:49:59 IST" skipped="0">
  <testcase classname="com.PdfHandling" name="verifyContentInPDf" time="17.273"/>
  <system-out/>
</testsuite> <!-- com.PdfHandling -->
