<?xml version="1.0" encoding="UTF-8"?>
<!-- Generated by org.testng.reporters.JUnitReportReporter -->
<testsuite hostname="pop-os" failures="0" tests="1" name="com.HomepageTest" time="12.087" errors="0" timestamp="2021-02-21T21:42:04 IST" skipped="0">
  <testcase classname="com.HomepageTest" name="homePageTest" time="12.087"/>
  <system-out/>
</testsuite> <!-- com.HomepageTest -->
