<?xml version="1.0" encoding="UTF-8"?>
<!-- Generated by org.testng.reporters.JUnitReportReporter -->
<testsuite hostname="pop-os" failures="0" tests="1" name="base.Base" time="0.010" errors="0" timestamp="2021-02-20T22:15:32 IST" skipped="0">
  <testcase classname="base.Base" name="propTest" time="0.010"/>
  <system-out/>
</testsuite> <!-- base.Base -->
