<?xml version="1.0" encoding="UTF-8"?>
<!-- Generated by org.testng.reporters.JUnitReportReporter -->
<testsuite hostname="pop-os" failures="0" tests="1" name="com.MySqlCon" time="0.797" errors="0" timestamp="2021-02-20T20:59:57 IST" skipped="0">
  <testcase classname="com.MySqlCon" name="retrieveData" time="0.797"/>
  <system-out/>
</testsuite> <!-- com.MySqlCon -->
