<?xml version="1.0" encoding="UTF-8"?>
<!-- Generated by org.testng.reporters.JUnitReportReporter -->
<testsuite hostname="pop-os" failures="0" tests="1" name="com.PdfHandlingTest" time="16.945" errors="0" timestamp="2021-02-20T22:50:58 IST" skipped="0">
  <testcase classname="com.PdfHandlingTest" name="verifyContentInPDf" time="16.945"/>
  <system-out/>
</testsuite> <!-- com.PdfHandlingTest -->
