<?xml version="1.0" encoding="UTF-8"?>
<!-- Generated by org.testng.reporters.JUnitReportReporter -->
<testsuite hostname="pop-os" failures="0" tests="1" name="com.PdfHandlingTest" time="13.034" errors="0" timestamp="2021-02-21T00:58:14 IST" skipped="0">
  <testcase classname="com.PdfHandlingTest" name="verifyContentInPDf" time="13.034"/>
  <system-out/>
</testsuite> <!-- com.PdfHandlingTest -->
