<?xml version="1.0" encoding="UTF-8"?>
<!-- Generated by org.testng.reporters.JUnitReportReporter -->
<testsuite hostname="pop-os" failures="0" tests="1" name="com.HomepageTest" time="7.607" errors="0" timestamp="2021-02-21T00:58:14 IST" skipped="0">
  <testcase classname="com.HomepageTest" name="home" time="7.607"/>
  <system-out/>
</testsuite> <!-- com.HomepageTest -->
